#
# There is insufficient memory for the Java Runtime Environment to continue.
# Native memory allocation (malloc) failed to allocate 32744 bytes for ChunkPool::allocate
# Possible reasons:
#   The system is out of physical RAM or swap space
#   In 32 bit mode, the process size limit was hit
# Possible solutions:
#   Reduce memory load on the system
#   Increase physical memory or swap space
#   Check if swap backing store is full
#   Use 64 bit Java on a 64 bit OS
#   Decrease Java heap size (-Xmx/-Xms)
#   Decrease number of Java threads
#   Decrease Java thread stack sizes (-Xss)
#   Set larger code cache with -XX:ReservedCodeCacheSize=
# This output file may be truncated or incomplete.
#
#  Out of Memory Error (allocation.cpp:273), pid=9468, tid=5580
#
# JRE version: Java(TM) SE Runtime Environment (8.0_60-b27) (build 1.8.0_60-b27)
# Java VM: Java HotSpot(TM) 64-Bit Server VM (25.60-b23 mixed mode windows-amd64 compressed oops)
# Failed to write core dump. Minidumps are not enabled by default on client versions of Windows
#

---------------  T H R E A D  ---------------

Current thread (0x0000000014a50000):  JavaThread "C2 CompilerThread0" daemon [_thread_in_native, id=5580, stack(0x00000000160c0000,0x00000000161c0000)]

Stack: [0x00000000160c0000,0x00000000161c0000]
[error occurred during error reporting (printing stack bounds), id 0xc0000005]

Native frames: (J=compiled Java code, j=interpreted, Vv=VM code, C=native code)


Current CompileTask:
C2:    522   74       4       java.lang.String::indexOf (70 bytes)


---------------  P R O C E S S  ---------------

Java Threads: ( => current thread )
  0x000000001669a000 JavaThread "pool-2-thread-4" [_thread_new, id=2600, stack(0x0000000000000000,0x0000000000000000)]
  0x00000000165d1000 JavaThread "pool-2-thread-3" [_thread_new, id=10784, stack(0x0000000000000000,0x0000000000000000)]
  0x00000000165d0000 JavaThread "pool-2-thread-2" [_thread_new, id=6500, stack(0x0000000000000000,0x0000000000000000)]
  0x00000000165cd800 JavaThread "pool-3-thread-1" [_thread_new, id=2452, stack(0x0000000000000000,0x0000000000000000)]
  0x00000000165c9000 JavaThread "pool-2-thread-1" [_thread_in_Java, id=7348, stack(0x00000000169c0000,0x0000000016ac0000)]
  0x00000000163c8800 JavaThread "Service Thread" daemon [_thread_blocked, id=856, stack(0x00000000167c0000,0x00000000168c0000)]
  0x0000000014aab000 JavaThread "C1 CompilerThread2" daemon [_thread_in_native, id=7284, stack(0x00000000162c0000,0x00000000163c0000)]
  0x0000000014a52000 JavaThread "C2 CompilerThread1" daemon [_thread_blocked, id=5336, stack(0x00000000161c0000,0x00000000162c0000)]
=>0x0000000014a50000 JavaThread "C2 CompilerThread0" daemon [_thread_in_native, id=5580, stack(0x00000000160c0000,0x00000000161c0000)]
  0x0000000014a4e000 JavaThread "Attach Listener" daemon [_thread_blocked, id=3264, stack(0x0000000015fc0000,0x00000000160c0000)]
  0x0000000014a4d000 JavaThread "Signal Dispatcher" daemon [_thread_blocked, id=10816, stack(0x0000000015ec0000,0x0000000015fc0000)]
  0x0000000002372800 JavaThread "Finalizer" daemon [_thread_blocked, id=10208, stack(0x0000000015cc0000,0x0000000015dc0000)]
  0x000000000236f800 JavaThread "Reference Handler" daemon [_thread_blocked, id=9916, stack(0x0000000015bc0000,0x0000000015cc0000)]
  0x0000000002282800 JavaThread "main" [_thread_in_vm, id=10676, stack(0x0000000002180000,0x0000000002280000)]

Other Threads:
  0x0000000014a17800 VMThread [stack: 0x0000000015ac0000,0x0000000015bc0000] [id=2720]
  0x00000000163cc000 WatcherThread [stack: 0x00000000168c0000,0x00000000169c0000] [id=10956]

VM state:not at safepoint (normal execution)

VM Mutex/Monitor currently owned by a thread: None

Heap:
 PSYoungGen      total 28672K, used 1733K [0x00000000eab00000, 0x00000000ecb00000, 0x0000000100000000)
  eden space 24576K, 7% used [0x00000000eab00000,0x00000000eacb1750,0x00000000ec300000)
  from space 4096K, 0% used [0x00000000ec300000,0x00000000ec300000,0x00000000ec700000)
  to   space 4096K, 0% used [0x00000000ec700000,0x00000000ec700000,0x00000000ecb00000)
 ParOldGen       total 45568K, used 1133K [0x00000000c0000000, 0x00000000c2c80000, 0x00000000eab00000)
  object space 45568K, 2% used [0x00000000c0000000,0x00000000c011b7d8,0x00000000c2c80000)
 Metaspace       used 4146K, capacity 5296K, committed 5376K, reserved 1058816K
  class space    used 469K, capacity 488K, committed 512K, reserved 1048576K

Card table byte_map: [0x0000000011740000,0x0000000011950000] byte_map_base: 0x0000000011140000

Marking Bits: (ParMarkBitMap*) 0x000000005925a5b0
 Begin Bits: [0x0000000011eb0000, 0x0000000012eb0000)
 End Bits:   [0x0000000012eb0000, 0x0000000013eb0000)

Polling page: 0x00000000001f0000

CodeCache: size=245760Kb used=1545Kb max_used=1545Kb free=244214Kb
 bounds [0x0000000002380000, 0x00000000025f0000, 0x0000000011380000]
 total_blobs=467 nmethods=207 adapters=173
 compilation: enabled

Compilation events (10 events):
Event: 0.225 Thread 0x0000000014aab000   70       3       java.util.zip.ZStreamRef::address (5 bytes)
Event: 0.226 Thread 0x0000000014aab000 nmethod 70 0x00000000024a7f10 code [0x00000000024a8060, 0x00000000024a81b0]
Event: 0.227 Thread 0x0000000014aab000   71       3       java.lang.String::endsWith (17 bytes)
Event: 0.227 Thread 0x0000000014aab000 nmethod 71 0x00000000024a8210 code [0x00000000024a8380, 0x00000000024a85a8]
Event: 0.229 Thread 0x0000000014aab000   72       3       java.util.concurrent.ConcurrentHashMap$Node::<init> (26 bytes)
Event: 0.229 Thread 0x0000000014aab000 nmethod 72 0x00000000024a86d0 code [0x00000000024a8820, 0x00000000024a8a10]
Event: 0.229 Thread 0x0000000014aab000   73       3       java.lang.StringBuilder::<init> (7 bytes)
Event: 0.230 Thread 0x0000000014aab000 nmethod 73 0x00000000024a8ad0 code [0x00000000024a8c40, 0x00000000024a8ef0]
Event: 0.231 Thread 0x0000000014a50000   74       4       java.lang.String::indexOf (70 bytes)
Event: 0.232 Thread 0x0000000014aab000   75   !   3       java.util.concurrent.ConcurrentHashMap::putVal (362 bytes)

GC Heap History (0 events):
No events

Deoptimization events (0 events):
No events

Internal exceptions (2 events):
Event: 0.061 Thread 0x0000000002282800 Exception <a 'java/lang/NoSuchMethodError': Method sun.misc.Unsafe.defineClass(Ljava/lang/String;[BII)Ljava/lang/Class; name or signature does not match> (0x00000000eab0e568) thrown at [C:\re\workspace\8-2-build-windows-amd64-cygwin\jdk8u60\4407\hotspot\sr~ÁŒèèjØ?
Event: 0.061 Thread 0x0000000002282800 Exception <a 'java/lang/NoSuchMethodError': Method sun.misc.Unsafe.prefetchRead(Ljava/lang/Object;J)V name or signature does not match> (0x00000000eab0e850) thrown at [C:\re\workspace\8-2-build-windows-amd64-cygwin\jdk8u60\4407\hotspot\src\share\vm\prims\j

Events (10 events):
Event: 0.225 loading class com/android/dx/dex/file/MixedItemSection$SortType
Event: 0.225 loading class com/android/dx/dex/file/MixedItemSection$SortType done
Event: 0.226 loading class com/android/dx/dex/file/StringIdsSection
Event: 0.226 loading class com/android/dx/dex/file/StringIdsSection done
Event: 0.227 loading class com/android/dx/dex/file/TypeIdsSection
Event: 0.227 loading class com/android/dx/dex/file/TypeIdsSection done
Event: 0.229 loading class com/android/dex/DexIndexOverflowException
Event: 0.229 loading class com/android/dex/DexIndexOverflowException done
Event: 0.231 loading class com/android/dx/dex/file/ProtoIdsSection
Event: 0.231 loading class com/android/dx/dex/file/ProtoIdsSection done


Dynamic libraries:
0x00007ff758e20000 - 0x00007ff758e57000 	C:\Program Files\Java\jdk1.8.0_60\bin\java.exe
0x00007ffe187c0000 - 0x00007ffe18981000 	C:\WINDOWS\SYSTEM32\ntdll.dll
0x00007ffe16450000 - 0x00007ffe164fd000 	C:\WINDOWS\system32\KERNEL32.DLL
0x00007ffe15360000 - 0x00007ffe15548000 	C:\WINDOWS\system32\KERNELBASE.dll
0x00007ffe16630000 - 0x00007ffe166d7000 	C:\WINDOWS\system32\ADVAPI32.dll
0x00007ffe15d50000 - 0x00007ffe15ded000 	C:\WINDOWS\system32\msvcrt.dll
0x00007ffe165d0000 - 0x00007ffe1662b000 	C:\WINDOWS\system32\sechost.dll
0x00007ffe16ea0000 - 0x00007ffe16fbc000 	C:\WINDOWS\system32\RPCRT4.dll
0x00007ffe15df0000 - 0x00007ffe15f46000 	C:\WINDOWS\system32\USER32.dll
0x00007ffe16160000 - 0x00007ffe162e6000 	C:\WINDOWS\system32\GDI32.dll
0x00007ffe0d9b0000 - 0x00007ffe0dc24000 	C:\WINDOWS\WinSxS\amd64_microsoft.windows.common-controls_6595b64144ccf1df_6.0.10586.0_none_8c15ae12515e1c22\COMCTL32.dll
0x00007ffe166e0000 - 0x00007ffe1695d000 	C:\WINDOWS\system32\combase.dll
0x00007ffe15010000 - 0x00007ffe1507a000 	C:\WINDOWS\system32\bcryptPrimitives.dll
0x00007ffe15cf0000 - 0x00007ffe15d2b000 	C:\WINDOWS\system32\IMM32.DLL
0x00007ffe14cb0000 - 0x00007ffe14ce1000 	C:\Windows\system32\nvinitx.dll
0x00007ffe14ca0000 - 0x00007ffe14caa000 	C:\WINDOWS\SYSTEM32\VERSION.dll
0x000000005c0c0000 - 0x000000005c0c6000 	C:\Program Files\NVIDIA Corporation\CoProcManager\_etoured.dll
0x00007ffe123d0000 - 0x00007ffe12403000 	C:\Program Files\NVIDIA Corporation\CoProcManager\nvd3d9wrapx.dll
0x00007ffe16960000 - 0x00007ffe16d89000 	C:\WINDOWS\system32\SETUPAPI.dll
0x00007ffe15250000 - 0x00007ffe15293000 	C:\WINDOWS\system32\CFGMGR32.dll
0x00007ffe12370000 - 0x00007ffe12392000 	C:\Program Files\NVIDIA Corporation\CoProcManager\nvdxgiwrapx.dll
0x000000005a170000 - 0x000000005a242000 	C:\Program Files\Java\jdk1.8.0_60\jre\bin\msvcr100.dll
0x0000000058a50000 - 0x00000000592d9000 	C:\Program Files\Java\jdk1.8.0_60\jre\bin\server\jvm.dll
0x00007ffe171c0000 - 0x00007ffe171c8000 	C:\WINDOWS\system32\PSAPI.DLL
0x00007ffe090f0000 - 0x00007ffe090f9000 	C:\WINDOWS\SYSTEM32\WSOCK32.dll
0x00007ffe18750000 - 0x00007ffe187bb000 	C:\WINDOWS\system32\WS2_32.dll
0x00007ffe13460000 - 0x00007ffe13483000 	C:\WINDOWS\SYSTEM32\WINMM.dll
0x00007ffe13430000 - 0x00007ffe1345c000 	C:\WINDOWS\SYSTEM32\WINMMBASE.dll
0x000000005a160000 - 0x000000005a16f000 	C:\Program Files\Java\jdk1.8.0_60\jre\bin\verify.dll
0x000000005a130000 - 0x000000005a159000 	C:\Program Files\Java\jdk1.8.0_60\jre\bin\java.dll
0x000000005a110000 - 0x000000005a126000 	C:\Program Files\Java\jdk1.8.0_60\jre\bin\zip.dll
0x00007ffe171d0000 - 0x00007ffe1872c000 	C:\WINDOWS\system32\SHELL32.dll
0x00007ffe15550000 - 0x00007ffe15b94000 	C:\WINDOWS\system32\windows.storage.dll
0x00007ffe16fc0000 - 0x00007ffe17012000 	C:\WINDOWS\system32\shlwapi.dll
0x00007ffe14dc0000 - 0x00007ffe14dcf000 	C:\WINDOWS\system32\kernel.appcore.dll
0x0000000002080000 - 0x0000000002135000 	C:\WINDOWS\system32\shcore.dll
0x00007ffe14dd0000 - 0x00007ffe14e1b000 	C:\WINDOWS\system32\powrprof.dll
0x00007ffe14e20000 - 0x00007ffe14e34000 	C:\WINDOWS\system32\profapi.dll

VM Arguments:
jvm_args: -Djava.awt.headless=true -Xmx1024M -Dfile.encoding=windows-1252 -Duser.country=ES -Duser.language=es -Duser.variant 
java_command: com.android.dx.command.Main --dex --force-jumbo --num-threads=4 --multi-dex --output C:\Users\USER\Desktop\Proyectos\texasHoldemPokerProgressive\app\build\intermediates\transforms\dex\debug\folders\1000\10\internal_impl-24.2.0_7f7909e9dd2ac6052c217c1e72bd22c0fa4eb9c2 C:\Users\USER\Desktop\Proyectos\texasHoldemPokerProgressive\app\build\intermediates\exploded-aar\com.android.support\support-fragment\24.2.0\jars\libs\internal_impl-24.2.0.jar
java_class_path (initial): C:\Users\USER\AppData\Local\Android\sdk\build-tools\24.0.2\lib\dx.jar
Launcher Type: SUN_STANDARD

Environment Variables:
CLASSPATH=.;C:\Program Files (x86)\QuickTime\QTSystem\QTJava.zip
USERNAME=USER
OS=Windows_NT
PROCESSOR_IDENTIFIER=Intel64 Family 6 Model 58 Stepping 9, GenuineIntel



---------------  S Y S T E M  ---------------

OS: Windows 10.0 , 64 bit Build 10586 (10.0.10586.0)

CPU:total 4 (2 cores per cpu, 2 threads per core) family 6 model 58 stepping 9, cmov, cx8, fxsr, mmx, sse, sse2, sse3, ssse3, sse4.1, sse4.2, popcnt, avx, aes, clmul, erms, ht, tsc, tscinvbit, tscinv

Memory: 4k page, physical 6167652k(767500k free), swap 9308260k(43884k free)

vm_info: Java HotSpot(TM) 64-Bit Server VM (25.60-b23) for windows-amd64 JRE (1.8.0_60-b27), built on Aug  4 2015 11:06:27 by "java_re" with MS VC++ 10.0 (VS2010)

time: Sat Sep 03 19:45:46 2016
elapsed time: 0 seconds (0d 0h 0m 0s)

