#
# There is insufficient memory for the Java Runtime Environment to continue.
# Native memory allocation (malloc) failed to allocate 224208 bytes for Chunk::new
# Possible reasons:
#   The system is out of physical RAM or swap space
#   In 32 bit mode, the process size limit was hit
# Possible solutions:
#   Reduce memory load on the system
#   Increase physical memory or swap space
#   Check if swap backing store is full
#   Use 64 bit Java on a 64 bit OS
#   Decrease Java heap size (-Xmx/-Xms)
#   Decrease number of Java threads
#   Decrease Java thread stack sizes (-Xss)
#   Set larger code cache with -XX:ReservedCodeCacheSize=
# This output file may be truncated or incomplete.
#
#  Out of Memory Error (allocation.cpp:390), pid=1068, tid=10772
#
# JRE version: Java(TM) SE Runtime Environment (8.0_60-b27) (build 1.8.0_60-b27)
# Java VM: Java HotSpot(TM) 64-Bit Server VM (25.60-b23 mixed mode windows-amd64 compressed oops)
# Failed to write core dump. Minidumps are not enabled by default on client versions of Windows
#

---------------  T H R E A D  ---------------

Current thread (0x0000000014ad0800):  JavaThread "C2 CompilerThread0" daemon [_thread_in_native, id=10772, stack(0x0000000016130000,0x0000000016230000)]

Stack: [0x0000000016130000,0x0000000016230000]
[error occurred during error reporting (printing stack bounds), id 0xc0000005]

Native frames: (J=compiled Java code, j=interpreted, Vv=VM code, C=native code)


Current CompileTask:
C2:   2594 1319       4       java.util.TreeMap::put (247 bytes)


---------------  P R O C E S S  ---------------

Java Threads: ( => current thread )
  0x0000000016651000 JavaThread "pool-1-thread-1" [_thread_in_native, id=8588, stack(0x0000000017730000,0x0000000017830000)]
  0x0000000014b2d800 JavaThread "Service Thread" daemon [_thread_blocked, id=5580, stack(0x0000000016830000,0x0000000016930000)]
  0x0000000014ad5800 JavaThread "C1 CompilerThread2" daemon [_thread_blocked, id=6972, stack(0x0000000016330000,0x0000000016430000)]
  0x0000000014ad2800 JavaThread "C2 CompilerThread1" daemon [_thread_in_native, id=4048, stack(0x0000000016230000,0x0000000016330000)]
=>0x0000000014ad0800 JavaThread "C2 CompilerThread0" daemon [_thread_in_native, id=10772, stack(0x0000000016130000,0x0000000016230000)]
  0x0000000014ace000 JavaThread "Attach Listener" daemon [_thread_blocked, id=10268, stack(0x0000000016030000,0x0000000016130000)]
  0x0000000014acd000 JavaThread "Signal Dispatcher" daemon [_thread_blocked, id=8880, stack(0x0000000015f30000,0x0000000016030000)]
  0x00000000023f8800 JavaThread "Finalizer" daemon [_thread_blocked, id=2212, stack(0x0000000015d30000,0x0000000015e30000)]
  0x00000000023ef800 JavaThread "Reference Handler" daemon [_thread_blocked, id=10984, stack(0x0000000015c30000,0x0000000015d30000)]
  0x0000000002302800 JavaThread "main" [_thread_blocked, id=8308, stack(0x0000000002200000,0x0000000002300000)]

Other Threads:
  0x0000000014a98800 VMThread [stack: 0x0000000015b30000,0x0000000015c30000] [id=11188]
  0x0000000016474000 WatcherThread [stack: 0x0000000016930000,0x0000000016a30000] [id=10900]

VM state:not at safepoint (normal execution)

VM Mutex/Monitor currently owned by a thread: None

Heap:
 PSYoungGen      total 28672K, used 10287K [0x00000000eab00000, 0x00000000ecb00000, 0x0000000100000000)
  eden space 24576K, 25% used [0x00000000eab00000,0x00000000eb10ddb0,0x00000000ec300000)
  from space 4096K, 99% used [0x00000000ec300000,0x00000000ec6fe088,0x00000000ec700000)
  to   space 4096K, 0% used [0x00000000ec700000,0x00000000ec700000,0x00000000ecb00000)
 ParOldGen       total 65536K, used 1258K [0x00000000c0000000, 0x00000000c4000000, 0x00000000eab00000)
  object space 65536K, 1% used [0x00000000c0000000,0x00000000c013a858,0x00000000c4000000)
 Metaspace       used 6098K, capacity 6968K, committed 7040K, reserved 1056768K
  class space    used 608K, capacity 624K, committed 640K, reserved 1048576K

Card table byte_map: [0x00000000117c0000,0x00000000119d0000] byte_map_base: 0x00000000111c0000

Marking Bits: (ParMarkBitMap*) 0x00000000594ea5b0
 Begin Bits: [0x0000000011f30000, 0x0000000012f30000)
 End Bits:   [0x0000000012f30000, 0x0000000013f30000)

Polling page: 0x00000000001f0000

CodeCache: size=245760Kb used=4978Kb max_used=4978Kb free=240781Kb
 bounds [0x0000000002400000, 0x00000000028f0000, 0x0000000011400000]
 total_blobs=1594 nmethods=1325 adapters=182
 compilation: enabled

Compilation events (10 events):
Event: 2.581 Thread 0x0000000014ad5800 1324       3       com.android.dx.dex.file.StringIdItem::addContents (36 bytes)
Event: 2.582 Thread 0x0000000014ad5800 nmethod 1324 0x00000000028dd4d0 code [0x00000000028dd6a0, 0x00000000028ddfd8]
Event: 2.583 Thread 0x0000000014ad5800 1325       3       com.android.dx.dex.file.StringDataItem::addContents (1 bytes)
Event: 2.583 Thread 0x0000000014ad5800 nmethod 1325 0x00000000028dd190 code [0x00000000028dd2e0, 0x00000000028dd430]
Event: 2.585 Thread 0x0000000014ad5800 1326       3       java.lang.Enum::compareTo (44 bytes)
Event: 2.585 Thread 0x0000000014ad5800 nmethod 1326 0x00000000028dc490 code [0x00000000028dc640, 0x00000000028dcf48]
Event: 2.586 Thread 0x0000000014ad5800 1327       3       com.android.dx.dex.file.CodeItem::itemType (4 bytes)
Event: 2.586 Thread 0x0000000014ad5800 nmethod 1327 0x00000000028dc150 code [0x00000000028dc2a0, 0x00000000028dc3f0]
Event: 2.586 Thread 0x0000000014ad5800 1328       3       com.android.dx.dex.file.MixedItemSection$1::compare (13 bytes)
Event: 2.586 Thread 0x0000000014ad5800 nmethod 1328 0x00000000028e0190 code [0x00000000028e0340, 0x00000000028e0988]

GC Heap History (2 events):
Event: 2.289 GC heap before
{Heap before GC invocations=1 (full 0):
 PSYoungGen      total 28672K, used 24576K [0x00000000eab00000, 0x00000000ecb00000, 0x0000000100000000)
  eden space 24576K, 100% used [0x00000000eab00000,0x00000000ec300000,0x00000000ec300000)
  from space 4096K, 0% used [0x00000000ec700000,0x00000000ec700000,0x00000000ecb00000)
  to   space 4096K, 0% used [0x00000000ec300000,0x00000000ec300000,0x00000000ec700000)
 ParOldGen       total 65536K, used 0K [0x00000000c0000000, 0x00000000c4000000, 0x00000000eab00000)
  object space 65536K, 0% used [0x00000000c0000000,0x00000000c0000000,0x00000000c4000000)
 Metaspace       used 5955K, capacity 6896K, committed 7040K, reserved 1056768K
  class space    used 599K, capacity 616K, committed 640K, reserved 1048576K
Event: 2.298 GC heap after
Heap after GC invocations=1 (full 0):
 PSYoungGen      total 28672K, used 4088K [0x00000000eab00000, 0x00000000ecb00000, 0x0000000100000000)
  eden space 24576K, 0% used [0x00000000eab00000,0x00000000eab00000,0x00000000ec300000)
  from space 4096K, 99% used [0x00000000ec300000,0x00000000ec6fe088,0x00000000ec700000)
  to   space 4096K, 0% used [0x00000000ec700000,0x00000000ec700000,0x00000000ecb00000)
 ParOldGen       total 65536K, used 1258K [0x00000000c0000000, 0x00000000c4000000, 0x00000000eab00000)
  object space 65536K, 1% used [0x00000000c0000000,0x00000000c013a858,0x00000000c4000000)
 Metaspace       used 5955K, capacity 6896K, committed 7040K, reserved 1056768K
  class space    used 599K, capacity 616K, committed 640K, reserved 1048576K
}

Deoptimization events (10 events):
Event: 2.464 Thread 0x0000000016651000 Uncommon trap: reason=bimorphic action=maybe_recompile pc=0x00000000026c07b8 method=java.util.HashMap.getNode(ILjava/lang/Object;)Ljava/util/HashMap$Node; @ 126
Event: 2.464 Thread 0x0000000016651000 Uncommon trap: reason=bimorphic action=maybe_recompile pc=0x00000000026f842c method=java.util.HashMap.getNode(ILjava/lang/Object;)Ljava/util/HashMap$Node; @ 126
Event: 2.464 Thread 0x0000000016651000 Uncommon trap: reason=class_check action=maybe_recompile pc=0x00000000028a94fc method=java.util.HashMap.putVal(ILjava/lang/Object;Ljava/lang/Object;ZZ)Ljava/lang/Object; @ 203
Event: 2.464 Thread 0x0000000016651000 Uncommon trap: reason=class_check action=maybe_recompile pc=0x00000000028a94fc method=java.util.HashMap.putVal(ILjava/lang/Object;Ljava/lang/Object;ZZ)Ljava/lang/Object; @ 203
Event: 2.464 Thread 0x0000000016651000 Uncommon trap: reason=class_check action=maybe_recompile pc=0x00000000028a94fc method=java.util.HashMap.putVal(ILjava/lang/Object;Ljava/lang/Object;ZZ)Ljava/lang/Object; @ 203
Event: 2.503 Thread 0x0000000016651000 Uncommon trap: reason=bimorphic action=maybe_recompile pc=0x00000000028c5d8c method=java.util.HashMap.putVal(ILjava/lang/Object;Ljava/lang/Object;ZZ)Ljava/lang/Object; @ 203
Event: 2.503 Thread 0x0000000016651000 Uncommon trap: reason=bimorphic action=maybe_recompile pc=0x00000000028c5d8c method=java.util.HashMap.putVal(ILjava/lang/Object;Ljava/lang/Object;ZZ)Ljava/lang/Object; @ 203
Event: 2.503 Thread 0x0000000016651000 Uncommon trap: reason=bimorphic action=maybe_recompile pc=0x00000000028c5d8c method=java.util.HashMap.putVal(ILjava/lang/Object;Ljava/lang/Object;ZZ)Ljava/lang/Object; @ 203
Event: 2.503 Thread 0x0000000016651000 Uncommon trap: reason=bimorphic action=maybe_recompile pc=0x00000000028c5d8c method=java.util.HashMap.putVal(ILjava/lang/Object;Ljava/lang/Object;ZZ)Ljava/lang/Object; @ 203
Event: 2.503 Thread 0x0000000016651000 Uncommon trap: reason=bimorphic action=maybe_recompile pc=0x00000000028bec3c method=java.util.HashMap.putVal(ILjava/lang/Object;Ljava/lang/Object;ZZ)Ljava/lang/Object; @ 203

Internal exceptions (2 events):
Event: 0.047 Thread 0x0000000002302800 Exception <a 'java/lang/NoSuchMethodError': Method sun.misc.Unsafe.defineClass(Ljava/lang/String;[BII)Ljava/lang/Class; name or signature does not match> (0x00000000eab0e570) thrown at [C:\re\workspace\8-2-build-windows-amd64-cygwin\jdk8u60\4407\hotspot\srîŠ•àG¨?
Event: 0.047 Thread 0x0000000002302800 Exception <a 'java/lang/NoSuchMethodError': Method sun.misc.Unsafe.prefetchRead(Ljava/lang/Object;J)V name or signature does not match> (0x00000000eab0e858) thrown at [C:\re\workspace\8-2-build-windows-amd64-cygwin\jdk8u60\4407\hotspot\src\share\vm\prims\j

Events (10 events):
Event: 2.503 Thread 0x0000000016651000 DEOPT PACKING pc=0x00000000028bec3c sp=0x000000001782ebf0
Event: 2.503 Thread 0x0000000016651000 DEOPT UNPACKING pc=0x000000000244582a sp=0x000000001782eba8 mode 2
Event: 2.525 loading class com/android/dx/dex/file/ProtoIdItem
Event: 2.525 loading class com/android/dx/dex/file/ProtoIdItem done
Event: 2.581 loading class com/android/dex/Leb128
Event: 2.581 loading class com/android/dex/Leb128 done
Event: 2.584 loading class java/util/Collections$1
Event: 2.584 loading class java/util/Collections$1 done
Event: 2.584 loading class com/android/dx/dex/file/MixedItemSection$2
Event: 2.584 loading class com/android/dx/dex/file/MixedItemSection$2 done


Dynamic libraries:
0x00007ff758e20000 - 0x00007ff758e57000 	C:\Program Files\Java\jdk1.8.0_60\bin\java.exe
0x00007ffe187c0000 - 0x00007ffe18981000 	C:\WINDOWS\SYSTEM32\ntdll.dll
0x00007ffe16450000 - 0x00007ffe164fd000 	C:\WINDOWS\system32\KERNEL32.DLL
0x00007ffe15360000 - 0x00007ffe15548000 	C:\WINDOWS\system32\KERNELBASE.dll
0x00007ffe16630000 - 0x00007ffe166d7000 	C:\WINDOWS\system32\ADVAPI32.dll
0x00007ffe15d50000 - 0x00007ffe15ded000 	C:\WINDOWS\system32\msvcrt.dll
0x00007ffe165d0000 - 0x00007ffe1662b000 	C:\WINDOWS\system32\sechost.dll
0x00007ffe16ea0000 - 0x00007ffe16fbc000 	C:\WINDOWS\system32\RPCRT4.dll
0x00007ffe15df0000 - 0x00007ffe15f46000 	C:\WINDOWS\system32\USER32.dll
0x00007ffe16160000 - 0x00007ffe162e6000 	C:\WINDOWS\system32\GDI32.dll
0x00007ffe0d9b0000 - 0x00007ffe0dc24000 	C:\WINDOWS\WinSxS\amd64_microsoft.windows.common-controls_6595b64144ccf1df_6.0.10586.0_none_8c15ae12515e1c22\COMCTL32.dll
0x00007ffe166e0000 - 0x00007ffe1695d000 	C:\WINDOWS\system32\combase.dll
0x00007ffe15010000 - 0x00007ffe1507a000 	C:\WINDOWS\system32\bcryptPrimitives.dll
0x00007ffe15cf0000 - 0x00007ffe15d2b000 	C:\WINDOWS\system32\IMM32.DLL
0x00007ffe14cb0000 - 0x00007ffe14ce1000 	C:\Windows\system32\nvinitx.dll
0x00007ffe14ca0000 - 0x00007ffe14caa000 	C:\WINDOWS\SYSTEM32\VERSION.dll
0x000000005c0c0000 - 0x000000005c0c6000 	C:\Program Files\NVIDIA Corporation\CoProcManager\_etoured.dll
0x00007ffe123d0000 - 0x00007ffe12403000 	C:\Program Files\NVIDIA Corporation\CoProcManager\nvd3d9wrapx.dll
0x00007ffe16960000 - 0x00007ffe16d89000 	C:\WINDOWS\system32\SETUPAPI.dll
0x00007ffe15250000 - 0x00007ffe15293000 	C:\WINDOWS\system32\CFGMGR32.dll
0x00007ffe12370000 - 0x00007ffe12392000 	C:\Program Files\NVIDIA Corporation\CoProcManager\nvdxgiwrapx.dll
0x0000000059570000 - 0x0000000059642000 	C:\Program Files\Java\jdk1.8.0_60\jre\bin\msvcr100.dll
0x0000000058ce0000 - 0x0000000059569000 	C:\Program Files\Java\jdk1.8.0_60\jre\bin\server\jvm.dll
0x00007ffe171c0000 - 0x00007ffe171c8000 	C:\WINDOWS\system32\PSAPI.DLL
0x00007ffe090f0000 - 0x00007ffe090f9000 	C:\WINDOWS\SYSTEM32\WSOCK32.dll
0x00007ffe18750000 - 0x00007ffe187bb000 	C:\WINDOWS\system32\WS2_32.dll
0x00007ffe13460000 - 0x00007ffe13483000 	C:\WINDOWS\SYSTEM32\WINMM.dll
0x00007ffe13430000 - 0x00007ffe1345c000 	C:\WINDOWS\SYSTEM32\WINMMBASE.dll
0x0000000058cd0000 - 0x0000000058cdf000 	C:\Program Files\Java\jdk1.8.0_60\jre\bin\verify.dll
0x0000000058ca0000 - 0x0000000058cc9000 	C:\Program Files\Java\jdk1.8.0_60\jre\bin\java.dll
0x0000000058c80000 - 0x0000000058c96000 	C:\Program Files\Java\jdk1.8.0_60\jre\bin\zip.dll
0x00007ffe171d0000 - 0x00007ffe1872c000 	C:\WINDOWS\system32\SHELL32.dll
0x00007ffe15550000 - 0x00007ffe15b94000 	C:\WINDOWS\system32\windows.storage.dll
0x00007ffe16fc0000 - 0x00007ffe17012000 	C:\WINDOWS\system32\shlwapi.dll
0x00007ffe14dc0000 - 0x00007ffe14dcf000 	C:\WINDOWS\system32\kernel.appcore.dll
0x0000000000750000 - 0x0000000000805000 	C:\WINDOWS\system32\shcore.dll
0x00007ffe14dd0000 - 0x00007ffe14e1b000 	C:\WINDOWS\system32\powrprof.dll
0x00007ffe14e20000 - 0x00007ffe14e34000 	C:\WINDOWS\system32\profapi.dll

VM Arguments:
jvm_args: -Djava.awt.headless=true -Xmx1024M -Dfile.encoding=windows-1252 -Duser.country=ES -Duser.language=es -Duser.variant 
java_command: com.android.dx.command.Main --dex --force-jumbo --num-threads=4 --multi-dex --output C:\Users\USER\Desktop\Proyectos\texasHoldemPokerProgressive\app\build\intermediates\transforms\dex\debug\folders\1000\10\internal_impl-24.2.0_aaf618f5ebd2e871340b6b715e3d27b2d116a8df C:\Users\USER\Desktop\Proyectos\texasHoldemPokerProgressive\app\build\intermediates\exploded-aar\com.android.support\support-media-compat\24.2.0\jars\libs\internal_impl-24.2.0.jar
java_class_path (initial): C:\Users\USER\AppData\Local\Android\sdk\build-tools\24.0.2\lib\dx.jar
Launcher Type: SUN_STANDARD

Environment Variables:
CLASSPATH=.;C:\Program Files (x86)\QuickTime\QTSystem\QTJava.zip
USERNAME=USER
OS=Windows_NT
PROCESSOR_IDENTIFIER=Intel64 Family 6 Model 58 Stepping 9, GenuineIntel



---------------  S Y S T E M  ---------------

OS: Windows 10.0 , 64 bit Build 10586 (10.0.10586.0)

CPU:total 4 (2 cores per cpu, 2 threads per core) family 6 model 58 stepping 9, cmov, cx8, fxsr, mmx, sse, sse2, sse3, ssse3, sse4.1, sse4.2, popcnt, avx, aes, clmul, erms, ht, tsc, tscinvbit, tscinv

Memory: 4k page, physical 6167652k(427016k free), swap 9308260k(5088k free)

vm_info: Java HotSpot(TM) 64-Bit Server VM (25.60-b23) for windows-amd64 JRE (1.8.0_60-b27), built on Aug  4 2015 11:06:27 by "java_re" with MS VC++ 10.0 (VS2010)

time: Sat Sep 03 16:40:45 2016
elapsed time: 2 seconds (0d 0h 0m 2s)

