#
# There is insufficient memory for the Java Runtime Environment to continue.
# Native memory allocation (malloc) failed to allocate 642896 bytes for Chunk::new
# Possible reasons:
#   The system is out of physical RAM or swap space
#   In 32 bit mode, the process size limit was hit
# Possible solutions:
#   Reduce memory load on the system
#   Increase physical memory or swap space
#   Check if swap backing store is full
#   Use 64 bit Java on a 64 bit OS
#   Decrease Java heap size (-Xmx/-Xms)
#   Decrease number of Java threads
#   Decrease Java thread stack sizes (-Xss)
#   Set larger code cache with -XX:ReservedCodeCacheSize=
# This output file may be truncated or incomplete.
#
#  Out of Memory Error (allocation.cpp:390), pid=7568, tid=9808
#
# JRE version: Java(TM) SE Runtime Environment (8.0_60-b27) (build 1.8.0_60-b27)
# Java VM: Java HotSpot(TM) 64-Bit Server VM (25.60-b23 mixed mode windows-amd64 compressed oops)
# Failed to write core dump. Minidumps are not enabled by default on client versions of Windows
#

---------------  T H R E A D  ---------------

Current thread (0x0000000014978800):  JavaThread "C2 CompilerThread1" daemon [_thread_in_native, id=9808, stack(0x0000000016080000,0x0000000016180000)]

Stack: [0x0000000016080000,0x0000000016180000]
[error occurred during error reporting (printing stack bounds), id 0xc0000005]

Native frames: (J=compiled Java code, j=interpreted, Vv=VM code, C=native code)


Current CompileTask:
C2:   2983 1558       4       com.android.dx.ssa.LocalVariableExtractor::processBlock (383 bytes)


---------------  P R O C E S S  ---------------

Java Threads: ( => current thread )
  0x0000000016539000 JavaThread "pool-2-thread-4" [_thread_in_Java, id=2360, stack(0x0000000016c80000,0x0000000016d80000)]
  0x0000000016538800 JavaThread "pool-2-thread-3" [_thread_in_Java, id=10292, stack(0x0000000016b80000,0x0000000016c80000)]
  0x0000000016537800 JavaThread "pool-2-thread-2" [_thread_blocked, id=2700, stack(0x0000000016a80000,0x0000000016b80000)]
  0x0000000016501000 JavaThread "pool-3-thread-1" [_thread_blocked, id=3248, stack(0x0000000016980000,0x0000000016a80000)]
  0x000000001651b800 JavaThread "pool-2-thread-1" [_thread_in_Java, id=9136, stack(0x0000000016880000,0x0000000016980000)]
  0x0000000016288800 JavaThread "Service Thread" daemon [_thread_blocked, id=9256, stack(0x0000000016680000,0x0000000016780000)]
  0x000000001497b000 JavaThread "C1 CompilerThread2" daemon [_thread_blocked, id=11120, stack(0x0000000016180000,0x0000000016280000)]
=>0x0000000014978800 JavaThread "C2 CompilerThread1" daemon [_thread_in_native, id=9808, stack(0x0000000016080000,0x0000000016180000)]
  0x0000000014920000 JavaThread "C2 CompilerThread0" daemon [_thread_in_native, id=7812, stack(0x0000000015f80000,0x0000000016080000)]
  0x000000001491e000 JavaThread "Attach Listener" daemon [_thread_blocked, id=9492, stack(0x0000000015e80000,0x0000000015f80000)]
  0x000000001491d000 JavaThread "Signal Dispatcher" daemon [_thread_blocked, id=988, stack(0x0000000015d80000,0x0000000015e80000)]
  0x0000000002152800 JavaThread "Finalizer" daemon [_thread_blocked, id=6020, stack(0x0000000015b70000,0x0000000015c70000)]
  0x000000000214f800 JavaThread "Reference Handler" daemon [_thread_blocked, id=444, stack(0x0000000015a70000,0x0000000015b70000)]
  0x0000000002062800 JavaThread "main" [_thread_in_Java, id=576, stack(0x0000000001f50000,0x0000000002050000)]

Other Threads:
  0x00000000148e8800 VMThread [stack: 0x0000000015970000,0x0000000015a70000] [id=4112]
  0x000000001628c000 WatcherThread [stack: 0x0000000016780000,0x0000000016880000] [id=4856]

VM state:not at safepoint (normal execution)

VM Mutex/Monitor currently owned by a thread: None

Heap:
 PSYoungGen      total 28672K, used 25978K [0x00000000eab00000, 0x00000000ecb00000, 0x0000000100000000)
  eden space 24576K, 89% used [0x00000000eab00000,0x00000000ec063728,0x00000000ec300000)
  from space 4096K, 99% used [0x00000000ec700000,0x00000000ecafb150,0x00000000ecb00000)
  to   space 4096K, 0% used [0x00000000ec300000,0x00000000ec300000,0x00000000ec700000)
 ParOldGen       total 65536K, used 4467K [0x00000000c0000000, 0x00000000c4000000, 0x00000000eab00000)
  object space 65536K, 6% used [0x00000000c0000000,0x00000000c045cf68,0x00000000c4000000)
 Metaspace       used 6198K, capacity 7088K, committed 7296K, reserved 1056768K
  class space    used 602K, capacity 616K, committed 640K, reserved 1048576K

Card table byte_map: [0x0000000011610000,0x0000000011820000] byte_map_base: 0x0000000011010000

Marking Bits: (ParMarkBitMap*) 0x000000005925a5b0
 Begin Bits: [0x0000000011d80000, 0x0000000012d80000)
 End Bits:   [0x0000000012d80000, 0x0000000013d80000)

Polling page: 0x0000000000420000

CodeCache: size=245760Kb used=6711Kb max_used=6725Kb free=239048Kb
 bounds [0x0000000002250000, 0x00000000028f0000, 0x0000000011250000]
 total_blobs=1872 nmethods=1603 adapters=182
 compilation: enabled

Compilation events (10 events):
Event: 2.937 Thread 0x000000001497b000 1614       2       com.android.dx.command.dexer.Main::access$1600 (4 bytes)
Event: 2.937 Thread 0x000000001497b000 nmethod 1614 0x00000000028dab10 code [0x00000000028dac60, 0x00000000028dad90]
Event: 2.937 Thread 0x000000001497b000 1613       2       java.util.concurrent.locks.AbstractQueuedSynchronizer::acquire (27 bytes)
Event: 2.938 Thread 0x000000001497b000 nmethod 1613 0x00000000028da650 code [0x00000000028da7e0, 0x00000000028da9f8]
Event: 2.943 Thread 0x0000000014920000 nmethod 1597 0x00000000028e2410 code [0x00000000028e25a0, 0x00000000028e3308]
Event: 2.943 Thread 0x0000000014920000 1563       4       com.android.dx.ssa.Dominators::compress (229 bytes)
Event: 2.951 Thread 0x000000001497b000 1615       2       com.android.dx.rop.cst.CstBaseMethodRef::<init> (31 bytes)
Event: 2.952 Thread 0x000000001497b000 nmethod 1615 0x00000000028e1f90 code [0x00000000028e2100, 0x00000000028e22d8]
Event: 2.968 Thread 0x0000000014920000 nmethod 1563 0x00000000028e41d0 code [0x00000000028e4380, 0x00000000028e4c88]
Event: 2.968 Thread 0x0000000014920000 1582       4       com.android.dx.ssa.LiteralOpUpgrader$1::visitNonMoveInsn (203 bytes)

GC Heap History (4 events):
Event: 1.746 GC heap before
{Heap before GC invocations=1 (full 0):
 PSYoungGen      total 28672K, used 24576K [0x00000000eab00000, 0x00000000ecb00000, 0x0000000100000000)
  eden space 24576K, 100% used [0x00000000eab00000,0x00000000ec300000,0x00000000ec300000)
  from space 4096K, 0% used [0x00000000ec700000,0x00000000ec700000,0x00000000ecb00000)
  to   space 4096K, 0% used [0x00000000ec300000,0x00000000ec300000,0x00000000ec700000)
 ParOldGen       total 65536K, used 0K [0x00000000c0000000, 0x00000000c4000000, 0x00000000eab00000)
  object space 65536K, 0% used [0x00000000c0000000,0x00000000c0000000,0x00000000c4000000)
 Metaspace       used 5925K, capacity 6832K, committed 7040K, reserved 1056768K
  class space    used 600K, capacity 616K, committed 640K, reserved 1048576K
Event: 1.778 GC heap after
Heap after GC invocations=1 (full 0):
 PSYoungGen      total 28672K, used 4090K [0x00000000eab00000, 0x00000000ecb00000, 0x0000000100000000)
  eden space 24576K, 0% used [0x00000000eab00000,0x00000000eab00000,0x00000000ec300000)
  from space 4096K, 99% used [0x00000000ec300000,0x00000000ec6fe9f0,0x00000000ec700000)
  to   space 4096K, 0% used [0x00000000ec700000,0x00000000ec700000,0x00000000ecb00000)
 ParOldGen       total 65536K, used 1199K [0x00000000c0000000, 0x00000000c4000000, 0x00000000eab00000)
  object space 65536K, 1% used [0x00000000c0000000,0x00000000c012bea8,0x00000000c4000000)
 Metaspace       used 5925K, capacity 6832K, committed 7040K, reserved 1056768K
  class space    used 600K, capacity 616K, committed 640K, reserved 1048576K
}
Event: 2.679 GC heap before
{Heap before GC invocations=2 (full 0):
 PSYoungGen      total 28672K, used 28666K [0x00000000eab00000, 0x00000000ecb00000, 0x0000000100000000)
  eden space 24576K, 100% used [0x00000000eab00000,0x00000000ec300000,0x00000000ec300000)
  from space 4096K, 99% used [0x00000000ec300000,0x00000000ec6fe9f0,0x00000000ec700000)
  to   space 4096K, 0% used [0x00000000ec700000,0x00000000ec700000,0x00000000ecb00000)
 ParOldGen       total 65536K, used 1199K [0x00000000c0000000, 0x00000000c4000000, 0x00000000eab00000)
  object space 65536K, 1% used [0x00000000c0000000,0x00000000c012bea8,0x00000000c4000000)
 Metaspace       used 6146K, capacity 7024K, committed 7296K, reserved 1056768K
  class space    used 601K, capacity 616K, committed 640K, reserved 1048576K
Event: 2.709 GC heap after
Heap after GC invocations=2 (full 0):
 PSYoungGen      total 28672K, used 4076K [0x00000000eab00000, 0x00000000ecb00000, 0x0000000100000000)
  eden space 24576K, 0% used [0x00000000eab00000,0x00000000eab00000,0x00000000ec300000)
  from space 4096K, 99% used [0x00000000ec700000,0x00000000ecafb150,0x00000000ecb00000)
  to   space 4096K, 0% used [0x00000000ec300000,0x00000000ec300000,0x00000000ec700000)
 ParOldGen       total 65536K, used 4467K [0x00000000c0000000, 0x00000000c4000000, 0x00000000eab00000)
  object space 65536K, 6% used [0x00000000c0000000,0x00000000c045cf68,0x00000000c4000000)
 Metaspace       used 6146K, capacity 7024K, committed 7296K, reserved 1056768K
  class space    used 601K, capacity 616K, committed 640K, reserved 1048576K
}

Deoptimization events (10 events):
Event: 2.280 Thread 0x0000000002062800 Uncommon trap: reason=unstable_if action=reinterpret pc=0x000000000266e3e0 method=com.android.dx.rop.code.RegisterSpecSet.put(Lcom/android/dx/rop/code/RegisterSpec;)V @ 77
Event: 2.573 Thread 0x0000000002062800 Uncommon trap: reason=unloaded action=reinterpret pc=0x00000000027b0e18 method=com.android.dx.cf.cst.ConstantPoolParser.parse0(ILjava/util/BitSet;)Lcom/android/dx/rop/cst/Constant; @ 198
Event: 2.574 Thread 0x0000000002062800 Uncommon trap: reason=unstable_if action=reinterpret pc=0x00000000027f15b8 method=com.android.dx.rop.cst.StdConstantPool.set(ILcom/android/dx/rop/cst/Constant;)V @ 12
Event: 2.644 Thread 0x000000001651b800 Uncommon trap: reason=unstable_if action=reinterpret pc=0x0000000002572ed0 method=com.android.dx.rop.code.RegisterSpec.equals(ILcom/android/dx/rop/type/TypeBearer;Lcom/android/dx/rop/code/LocalItem;)Z @ 42
Event: 2.645 Thread 0x000000001651b800 Uncommon trap: reason=unstable_if action=reinterpret pc=0x00000000026f08dc method=com.android.dx.ssa.SsaRenamer$BlockRenamer.addMapping(ILcom/android/dx/rop/code/RegisterSpec;)V @ 120
Event: 2.645 Thread 0x000000001651b800 Uncommon trap: reason=unstable_if action=reinterpret pc=0x0000000002663a64 method=com.android.dx.ssa.SsaRenamer$BlockRenamer.addMapping(ILcom/android/dx/rop/code/RegisterSpec;)V @ 120
Event: 2.768 Thread 0x000000001651b800 Uncommon trap: reason=bimorphic action=maybe_recompile pc=0x0000000002706344 method=java.util.HashMap.putVal(ILjava/lang/Object;Ljava/lang/Object;ZZ)Ljava/lang/Object; @ 91
Event: 2.831 Thread 0x0000000016537800 Uncommon trap: reason=unstable_if action=reinterpret pc=0x00000000027f5d94 method=com.android.dx.ssa.SCCP.simulateBranch(Lcom/android/dx/ssa/SsaInsn;)V @ 64
Event: 2.897 Thread 0x0000000016538800 Uncommon trap: reason=unstable_if action=reinterpret pc=0x00000000026b1c1c method=com.android.dx.ssa.SsaMethod.updateOneDefinition(Lcom/android/dx/ssa/SsaInsn;Lcom/android/dx/rop/code/RegisterSpec;)V @ 4
Event: 2.921 Thread 0x0000000016539000 Uncommon trap: reason=unstable_if action=reinterpret pc=0x00000000026b2ddc method=com.android.dx.rop.cst.Constant.compareTo(Lcom/android/dx/rop/cst/Constant;)I @ 12

Internal exceptions (3 events):
Event: 0.166 Thread 0x0000000002062800 Exception <a 'java/lang/NoSuchMethodError': Method sun.misc.Unsafe.defineClass(Ljava/lang/String;[BII)Ljava/lang/Class; name or signature does not match> (0x00000000eab0e580) thrown at [C:\re\workspace\8-2-build-windows-amd64-cygwin\jdk8u60\4407\hotspot\sr¨¾ûXCÅ?
Event: 0.166 Thread 0x0000000002062800 Exception <a 'java/lang/NoSuchMethodError': Method sun.misc.Unsafe.prefetchRead(Ljava/lang/Object;J)V name or signature does not match> (0x00000000eab0e868) thrown at [C:\re\workspace\8-2-build-windows-amd64-cygwin\jdk8u60\4407\hotspot\src\share\vm\prims\j¥Ëðè@
Event: 2.239 Thread 0x0000000002062800 Implicit null exception at 0x0000000002774ee1 to 0x00000000027758c5

Events (10 events):
Event: 2.896 loading class com/android/dx/rop/code/RegOps
Event: 2.896 loading class com/android/dx/rop/code/RegOps done
Event: 2.897 Thread 0x0000000016538800 Uncommon trap: trap_request=0xffffff65 fr.pc=0x00000000026b1c1c
Event: 2.897 Thread 0x0000000016538800 DEOPT PACKING pc=0x00000000026b1c1c sp=0x0000000016c7eba0
Event: 2.897 Thread 0x0000000016538800 DEOPT UNPACKING pc=0x000000000229582a sp=0x0000000016c7eb48 mode 2
Event: 2.899 Thread 0x0000000016538800 DEOPT PACKING pc=0x000000000258f6d3 sp=0x0000000016c7ed90
Event: 2.899 Thread 0x0000000016538800 DEOPT UNPACKING pc=0x000000000229787f sp=0x0000000016c7eb58 mode 0
Event: 2.921 Thread 0x0000000016539000 Uncommon trap: trap_request=0xffffff65 fr.pc=0x00000000026b2ddc
Event: 2.921 Thread 0x0000000016539000 DEOPT PACKING pc=0x00000000026b2ddc sp=0x0000000016d7e500
Event: 2.921 Thread 0x0000000016539000 DEOPT UNPACKING pc=0x000000000229582a sp=0x0000000016d7e4a0 mode 2


Dynamic libraries:
0x00007ff758e20000 - 0x00007ff758e57000 	C:\Program Files\Java\jdk1.8.0_60\bin\java.exe
0x00007ffe187c0000 - 0x00007ffe18981000 	C:\WINDOWS\SYSTEM32\ntdll.dll
0x00007ffe16450000 - 0x00007ffe164fd000 	C:\WINDOWS\system32\KERNEL32.DLL
0x00007ffe15360000 - 0x00007ffe15548000 	C:\WINDOWS\system32\KERNELBASE.dll
0x00007ffe16630000 - 0x00007ffe166d7000 	C:\WINDOWS\system32\ADVAPI32.dll
0x00007ffe15d50000 - 0x00007ffe15ded000 	C:\WINDOWS\system32\msvcrt.dll
0x00007ffe165d0000 - 0x00007ffe1662b000 	C:\WINDOWS\system32\sechost.dll
0x00007ffe16ea0000 - 0x00007ffe16fbc000 	C:\WINDOWS\system32\RPCRT4.dll
0x00007ffe15df0000 - 0x00007ffe15f46000 	C:\WINDOWS\system32\USER32.dll
0x00007ffe16160000 - 0x00007ffe162e6000 	C:\WINDOWS\system32\GDI32.dll
0x00007ffe0d9b0000 - 0x00007ffe0dc24000 	C:\WINDOWS\WinSxS\amd64_microsoft.windows.common-controls_6595b64144ccf1df_6.0.10586.0_none_8c15ae12515e1c22\COMCTL32.dll
0x00007ffe166e0000 - 0x00007ffe1695d000 	C:\WINDOWS\system32\combase.dll
0x00007ffe15010000 - 0x00007ffe1507a000 	C:\WINDOWS\system32\bcryptPrimitives.dll
0x00007ffe15cf0000 - 0x00007ffe15d2b000 	C:\WINDOWS\system32\IMM32.DLL
0x00007ffe14cb0000 - 0x00007ffe14ce1000 	C:\Windows\system32\nvinitx.dll
0x00007ffe14ca0000 - 0x00007ffe14caa000 	C:\WINDOWS\SYSTEM32\VERSION.dll
0x000000005c0c0000 - 0x000000005c0c6000 	C:\Program Files\NVIDIA Corporation\CoProcManager\_etoured.dll
0x00007ffe123d0000 - 0x00007ffe12403000 	C:\Program Files\NVIDIA Corporation\CoProcManager\nvd3d9wrapx.dll
0x00007ffe16960000 - 0x00007ffe16d89000 	C:\WINDOWS\system32\SETUPAPI.dll
0x00007ffe15250000 - 0x00007ffe15293000 	C:\WINDOWS\system32\CFGMGR32.dll
0x00007ffe12370000 - 0x00007ffe12392000 	C:\Program Files\NVIDIA Corporation\CoProcManager\nvdxgiwrapx.dll
0x000000005a170000 - 0x000000005a242000 	C:\Program Files\Java\jdk1.8.0_60\jre\bin\msvcr100.dll
0x0000000058a50000 - 0x00000000592d9000 	C:\Program Files\Java\jdk1.8.0_60\jre\bin\server\jvm.dll
0x00007ffe171c0000 - 0x00007ffe171c8000 	C:\WINDOWS\system32\PSAPI.DLL
0x00007ffe090f0000 - 0x00007ffe090f9000 	C:\WINDOWS\SYSTEM32\WSOCK32.dll
0x00007ffe18750000 - 0x00007ffe187bb000 	C:\WINDOWS\system32\WS2_32.dll
0x00007ffe13460000 - 0x00007ffe13483000 	C:\WINDOWS\SYSTEM32\WINMM.dll
0x00007ffe13430000 - 0x00007ffe1345c000 	C:\WINDOWS\SYSTEM32\WINMMBASE.dll
0x000000005a160000 - 0x000000005a16f000 	C:\Program Files\Java\jdk1.8.0_60\jre\bin\verify.dll
0x000000005a130000 - 0x000000005a159000 	C:\Program Files\Java\jdk1.8.0_60\jre\bin\java.dll
0x000000005a110000 - 0x000000005a126000 	C:\Program Files\Java\jdk1.8.0_60\jre\bin\zip.dll
0x00007ffe171d0000 - 0x00007ffe1872c000 	C:\WINDOWS\system32\SHELL32.dll
0x00007ffe15550000 - 0x00007ffe15b94000 	C:\WINDOWS\system32\windows.storage.dll
0x00007ffe16fc0000 - 0x00007ffe17012000 	C:\WINDOWS\system32\shlwapi.dll
0x00007ffe14dc0000 - 0x00007ffe14dcf000 	C:\WINDOWS\system32\kernel.appcore.dll
0x0000000002180000 - 0x0000000002235000 	C:\WINDOWS\system32\shcore.dll
0x00007ffe14dd0000 - 0x00007ffe14e1b000 	C:\WINDOWS\system32\powrprof.dll
0x00007ffe14e20000 - 0x00007ffe14e34000 	C:\WINDOWS\system32\profapi.dll

VM Arguments:
jvm_args: -Djava.awt.headless=true -Xmx1024M -Dfile.encoding=windows-1252 -Duser.country=ES -Duser.language=es -Duser.variant 
java_command: com.android.dx.command.Main --dex --force-jumbo --num-threads=4 --multi-dex --output C:\Users\USER\Desktop\Proyectos\texasHoldemPokerProgressive\app\build\intermediates\transforms\dex\debug\folders\1000\10\com.android.support-support-media-compat-24.2.0_701c117ef41d5b80470c748513a78600dede6d7f C:\Users\USER\Desktop\Proyectos\texasHoldemPokerProgressive\app\build\intermediates\exploded-aar\com.android.support\support-media-compat\24.2.0\jars\classes.jar
java_class_path (initial): C:\Users\USER\AppData\Local\Android\sdk\build-tools\24.0.2\lib\dx.jar
Launcher Type: SUN_STANDARD

Environment Variables:
CLASSPATH=.;C:\Program Files (x86)\QuickTime\QTSystem\QTJava.zip
USERNAME=USER
OS=Windows_NT
PROCESSOR_IDENTIFIER=Intel64 Family 6 Model 58 Stepping 9, GenuineIntel



---------------  S Y S T E M  ---------------

OS: Windows 10.0 , 64 bit Build 10586 (10.0.10586.0)

CPU:total 4 (2 cores per cpu, 2 threads per core) family 6 model 58 stepping 9, cmov, cx8, fxsr, mmx, sse, sse2, sse3, ssse3, sse4.1, sse4.2, popcnt, avx, aes, clmul, erms, ht, tsc, tscinvbit, tscinv

Memory: 4k page, physical 6167652k(632272k free), swap 9308260k(5256k free)

vm_info: Java HotSpot(TM) 64-Bit Server VM (25.60-b23) for windows-amd64 JRE (1.8.0_60-b27), built on Aug  4 2015 11:06:27 by "java_re" with MS VC++ 10.0 (VS2010)

time: Sat Sep 03 19:45:51 2016
elapsed time: 2 seconds (0d 0h 0m 2s)

